Terminals unused in grammar

   COM


State 97 conflicts: 1 shift/reduce


Grammar

    0 $accept: program $end

    1 program: declaration-list

    2 declaration-list: declaration-list declaration
    3                 | declaration

    4 declaration: var-declaration
    5            | fun-declaration

    6 var-declaration: type-specifier ID COLON
    7                | type-specifier ID LSQU NUM RSQU COLON

    8 type-specifier: INT
    9               | VOID

   10 fun-declaration: type-specifier ID LBRA params RBRA compound-stmt

   11 params: param-list
   12       | VOID

   13 param-list: param-list COMMA param
   14           | param

   15 param: type-specifier ID
   16      | type-specifier ID LSQU RSQU

   17 compound-stmt: LCURLY local-declarations statement-list RCURLY

   18 local-declarations: local-declarations var-declaration
   19                   | %empty

   20 statement-list: statement-list statement
   21               | %empty

   22 statement: expression-stmt
   23          | compound-stmt
   24          | selection-stmt
   25          | iteration-stmt
   26          | return-stmt

   27 expression-stmt: expression COLON
   28                | COLON

   29 selection-stmt: IF LBRA expression RBRA statement
   30               | IF LBRA expression RBRA statement ELSE statement

   31 iteration-stmt: WHILE LBRA expression RBRA statement

   32 return-stmt: RETURN COLON
   33            | RETURN expression COLON

   34 expression: var ASIGN expression
   35           | simple-expression

   36 var: ID
   37    | ID LSQU expression RSQU

   38 simple-expression: additive-expression relop additive-expression
   39                  | additive-expression

   40 relop: LT
   41      | LTEQU
   42      | GT
   43      | GTEQU
   44      | EQU
   45      | NOTEQU

   46 additive-expression: additive-expression addop term
   47                    | term

   48 addop: PLUS
   49      | MINUS

   50 term: term mulop factor
   51     | factor

   52 mulop: MUL
   53      | DIV

   54 factor: LBRA expression RBRA
   55       | var
   56       | call
   57       | NUM

   58 call: ID LBRA args RBRA

   59 args: arg-list
   60     | %empty

   61 arg-list: arg-list COMMA expression
   62         | expression


Terminals, with rules where they appear

$end (0) 0
error (256)
INT (258) 8
ELSE (259) 30
IF (260) 29 30
RETURN (261) 32 33
VOID (262) 9 12
WHILE (263) 31
PLUS (264) 48
MINUS (265) 49
MUL (266) 52
DIV (267) 53
LT (268) 40
LTEQU (269) 41
GT (270) 42
GTEQU (271) 43
EQU (272) 44
NOTEQU (273) 45
ASIGN (274) 34
COLON (275) 6 7 27 28 32 33
COMMA (276) 13 61
LCURLY (277) 17
RCURLY (278) 17
LBRA (279) 10 29 30 31 54 58
RBRA (280) 10 29 30 31 54 58
LSQU (281) 7 16 37
RSQU (282) 7 16 37
COM (283)
ID (284) 6 7 10 15 16 36 37 58
NUM (285) 7 57


Nonterminals, with rules where they appear

$accept (31)
    on left: 0
program (32)
    on left: 1, on right: 0
declaration-list (33)
    on left: 2 3, on right: 1 2
declaration (34)
    on left: 4 5, on right: 2 3
var-declaration (35)
    on left: 6 7, on right: 4 18
type-specifier (36)
    on left: 8 9, on right: 6 7 10 15 16
fun-declaration (37)
    on left: 10, on right: 5
params (38)
    on left: 11 12, on right: 10
param-list (39)
    on left: 13 14, on right: 11 13
param (40)
    on left: 15 16, on right: 13 14
compound-stmt (41)
    on left: 17, on right: 10 23
local-declarations (42)
    on left: 18 19, on right: 17 18
statement-list (43)
    on left: 20 21, on right: 17 20
statement (44)
    on left: 22 23 24 25 26, on right: 20 29 30 31
expression-stmt (45)
    on left: 27 28, on right: 22
selection-stmt (46)
    on left: 29 30, on right: 24
iteration-stmt (47)
    on left: 31, on right: 25
return-stmt (48)
    on left: 32 33, on right: 26
expression (49)
    on left: 34 35, on right: 27 29 30 31 33 34 37 54 61 62
var (50)
    on left: 36 37, on right: 34 55
simple-expression (51)
    on left: 38 39, on right: 35
relop (52)
    on left: 40 41 42 43 44 45, on right: 38
additive-expression (53)
    on left: 46 47, on right: 38 39 46
addop (54)
    on left: 48 49, on right: 46
term (55)
    on left: 50 51, on right: 46 47 50
mulop (56)
    on left: 52 53, on right: 50
factor (57)
    on left: 54 55 56 57, on right: 50 51
call (58)
    on left: 58, on right: 56
args (59)
    on left: 59 60, on right: 58
arg-list (60)
    on left: 61 62, on right: 59 61


State 0

    0 $accept: . program $end

    INT   shift, and go to state 1
    VOID  shift, and go to state 2

    program           go to state 3
    declaration-list  go to state 4
    declaration       go to state 5
    var-declaration   go to state 6
    type-specifier    go to state 7
    fun-declaration   go to state 8


State 1

    8 type-specifier: INT .

    $default  reduce using rule 8 (type-specifier)


State 2

    9 type-specifier: VOID .

    $default  reduce using rule 9 (type-specifier)


State 3

    0 $accept: program . $end

    $end  shift, and go to state 9


State 4

    1 program: declaration-list .
    2 declaration-list: declaration-list . declaration

    INT   shift, and go to state 1
    VOID  shift, and go to state 2

    $default  reduce using rule 1 (program)

    declaration      go to state 10
    var-declaration  go to state 6
    type-specifier   go to state 7
    fun-declaration  go to state 8


State 5

    3 declaration-list: declaration .

    $default  reduce using rule 3 (declaration-list)


State 6

    4 declaration: var-declaration .

    $default  reduce using rule 4 (declaration)


State 7

    6 var-declaration: type-specifier . ID COLON
    7                | type-specifier . ID LSQU NUM RSQU COLON
   10 fun-declaration: type-specifier . ID LBRA params RBRA compound-stmt

    ID  shift, and go to state 11


State 8

    5 declaration: fun-declaration .

    $default  reduce using rule 5 (declaration)


State 9

    0 $accept: program $end .

    $default  accept


State 10

    2 declaration-list: declaration-list declaration .

    $default  reduce using rule 2 (declaration-list)


State 11

    6 var-declaration: type-specifier ID . COLON
    7                | type-specifier ID . LSQU NUM RSQU COLON
   10 fun-declaration: type-specifier ID . LBRA params RBRA compound-stmt

    COLON  shift, and go to state 12
    LBRA   shift, and go to state 13
    LSQU   shift, and go to state 14


State 12

    6 var-declaration: type-specifier ID COLON .

    $default  reduce using rule 6 (var-declaration)


State 13

   10 fun-declaration: type-specifier ID LBRA . params RBRA compound-stmt

    INT   shift, and go to state 1
    VOID  shift, and go to state 15

    type-specifier  go to state 16
    params          go to state 17
    param-list      go to state 18
    param           go to state 19


State 14

    7 var-declaration: type-specifier ID LSQU . NUM RSQU COLON

    NUM  shift, and go to state 20


State 15

    9 type-specifier: VOID .
   12 params: VOID .

    RBRA      reduce using rule 12 (params)
    $default  reduce using rule 9 (type-specifier)


State 16

   15 param: type-specifier . ID
   16      | type-specifier . ID LSQU RSQU

    ID  shift, and go to state 21


State 17

   10 fun-declaration: type-specifier ID LBRA params . RBRA compound-stmt

    RBRA  shift, and go to state 22


State 18

   11 params: param-list .
   13 param-list: param-list . COMMA param

    COMMA  shift, and go to state 23

    $default  reduce using rule 11 (params)


State 19

   14 param-list: param .

    $default  reduce using rule 14 (param-list)


State 20

    7 var-declaration: type-specifier ID LSQU NUM . RSQU COLON

    RSQU  shift, and go to state 24


State 21

   15 param: type-specifier ID .
   16      | type-specifier ID . LSQU RSQU

    LSQU  shift, and go to state 25

    $default  reduce using rule 15 (param)


State 22

   10 fun-declaration: type-specifier ID LBRA params RBRA . compound-stmt

    LCURLY  shift, and go to state 26

    compound-stmt  go to state 27


State 23

   13 param-list: param-list COMMA . param

    INT   shift, and go to state 1
    VOID  shift, and go to state 2

    type-specifier  go to state 16
    param           go to state 28


State 24

    7 var-declaration: type-specifier ID LSQU NUM RSQU . COLON

    COLON  shift, and go to state 29


State 25

   16 param: type-specifier ID LSQU . RSQU

    RSQU  shift, and go to state 30


State 26

   17 compound-stmt: LCURLY . local-declarations statement-list RCURLY

    $default  reduce using rule 19 (local-declarations)

    local-declarations  go to state 31


State 27

   10 fun-declaration: type-specifier ID LBRA params RBRA compound-stmt .

    $default  reduce using rule 10 (fun-declaration)


State 28

   13 param-list: param-list COMMA param .

    $default  reduce using rule 13 (param-list)


State 29

    7 var-declaration: type-specifier ID LSQU NUM RSQU COLON .

    $default  reduce using rule 7 (var-declaration)


State 30

   16 param: type-specifier ID LSQU RSQU .

    $default  reduce using rule 16 (param)


State 31

   17 compound-stmt: LCURLY local-declarations . statement-list RCURLY
   18 local-declarations: local-declarations . var-declaration

    INT   shift, and go to state 1
    VOID  shift, and go to state 2

    $default  reduce using rule 21 (statement-list)

    var-declaration  go to state 32
    type-specifier   go to state 33
    statement-list   go to state 34


State 32

   18 local-declarations: local-declarations var-declaration .

    $default  reduce using rule 18 (local-declarations)


State 33

    6 var-declaration: type-specifier . ID COLON
    7                | type-specifier . ID LSQU NUM RSQU COLON

    ID  shift, and go to state 35


State 34

   17 compound-stmt: LCURLY local-declarations statement-list . RCURLY
   20 statement-list: statement-list . statement

    IF      shift, and go to state 36
    RETURN  shift, and go to state 37
    WHILE   shift, and go to state 38
    COLON   shift, and go to state 39
    LCURLY  shift, and go to state 26
    RCURLY  shift, and go to state 40
    LBRA    shift, and go to state 41
    ID      shift, and go to state 42
    NUM     shift, and go to state 43

    compound-stmt        go to state 44
    statement            go to state 45
    expression-stmt      go to state 46
    selection-stmt       go to state 47
    iteration-stmt       go to state 48
    return-stmt          go to state 49
    expression           go to state 50
    var                  go to state 51
    simple-expression    go to state 52
    additive-expression  go to state 53
    term                 go to state 54
    factor               go to state 55
    call                 go to state 56


State 35

    6 var-declaration: type-specifier ID . COLON
    7                | type-specifier ID . LSQU NUM RSQU COLON

    COLON  shift, and go to state 12
    LSQU   shift, and go to state 14


State 36

   29 selection-stmt: IF . LBRA expression RBRA statement
   30               | IF . LBRA expression RBRA statement ELSE statement

    LBRA  shift, and go to state 57


State 37

   32 return-stmt: RETURN . COLON
   33            | RETURN . expression COLON

    COLON  shift, and go to state 58
    LBRA   shift, and go to state 41
    ID     shift, and go to state 42
    NUM    shift, and go to state 43

    expression           go to state 59
    var                  go to state 51
    simple-expression    go to state 52
    additive-expression  go to state 53
    term                 go to state 54
    factor               go to state 55
    call                 go to state 56


State 38

   31 iteration-stmt: WHILE . LBRA expression RBRA statement

    LBRA  shift, and go to state 60


State 39

   28 expression-stmt: COLON .

    $default  reduce using rule 28 (expression-stmt)


State 40

   17 compound-stmt: LCURLY local-declarations statement-list RCURLY .

    $default  reduce using rule 17 (compound-stmt)


State 41

   54 factor: LBRA . expression RBRA

    LBRA  shift, and go to state 41
    ID    shift, and go to state 42
    NUM   shift, and go to state 43

    expression           go to state 61
    var                  go to state 51
    simple-expression    go to state 52
    additive-expression  go to state 53
    term                 go to state 54
    factor               go to state 55
    call                 go to state 56


State 42

   36 var: ID .
   37    | ID . LSQU expression RSQU
   58 call: ID . LBRA args RBRA

    LBRA  shift, and go to state 62
    LSQU  shift, and go to state 63

    $default  reduce using rule 36 (var)


State 43

   57 factor: NUM .

    $default  reduce using rule 57 (factor)


State 44

   23 statement: compound-stmt .

    $default  reduce using rule 23 (statement)


State 45

   20 statement-list: statement-list statement .

    $default  reduce using rule 20 (statement-list)


State 46

   22 statement: expression-stmt .

    $default  reduce using rule 22 (statement)


State 47

   24 statement: selection-stmt .

    $default  reduce using rule 24 (statement)


State 48

   25 statement: iteration-stmt .

    $default  reduce using rule 25 (statement)


State 49

   26 statement: return-stmt .

    $default  reduce using rule 26 (statement)


State 50

   27 expression-stmt: expression . COLON

    COLON  shift, and go to state 64


State 51

   34 expression: var . ASIGN expression
   55 factor: var .

    ASIGN  shift, and go to state 65

    $default  reduce using rule 55 (factor)


State 52

   35 expression: simple-expression .

    $default  reduce using rule 35 (expression)


State 53

   38 simple-expression: additive-expression . relop additive-expression
   39                  | additive-expression .
   46 additive-expression: additive-expression . addop term

    PLUS    shift, and go to state 66
    MINUS   shift, and go to state 67
    LT      shift, and go to state 68
    LTEQU   shift, and go to state 69
    GT      shift, and go to state 70
    GTEQU   shift, and go to state 71
    EQU     shift, and go to state 72
    NOTEQU  shift, and go to state 73

    $default  reduce using rule 39 (simple-expression)

    relop  go to state 74
    addop  go to state 75


State 54

   47 additive-expression: term .
   50 term: term . mulop factor

    MUL  shift, and go to state 76
    DIV  shift, and go to state 77

    $default  reduce using rule 47 (additive-expression)

    mulop  go to state 78


State 55

   51 term: factor .

    $default  reduce using rule 51 (term)


State 56

   56 factor: call .

    $default  reduce using rule 56 (factor)


State 57

   29 selection-stmt: IF LBRA . expression RBRA statement
   30               | IF LBRA . expression RBRA statement ELSE statement

    LBRA  shift, and go to state 41
    ID    shift, and go to state 42
    NUM   shift, and go to state 43

    expression           go to state 79
    var                  go to state 51
    simple-expression    go to state 52
    additive-expression  go to state 53
    term                 go to state 54
    factor               go to state 55
    call                 go to state 56


State 58

   32 return-stmt: RETURN COLON .

    $default  reduce using rule 32 (return-stmt)


State 59

   33 return-stmt: RETURN expression . COLON

    COLON  shift, and go to state 80


State 60

   31 iteration-stmt: WHILE LBRA . expression RBRA statement

    LBRA  shift, and go to state 41
    ID    shift, and go to state 42
    NUM   shift, and go to state 43

    expression           go to state 81
    var                  go to state 51
    simple-expression    go to state 52
    additive-expression  go to state 53
    term                 go to state 54
    factor               go to state 55
    call                 go to state 56


State 61

   54 factor: LBRA expression . RBRA

    RBRA  shift, and go to state 82


State 62

   58 call: ID LBRA . args RBRA

    LBRA  shift, and go to state 41
    ID    shift, and go to state 42
    NUM   shift, and go to state 43

    $default  reduce using rule 60 (args)

    expression           go to state 83
    var                  go to state 51
    simple-expression    go to state 52
    additive-expression  go to state 53
    term                 go to state 54
    factor               go to state 55
    call                 go to state 56
    args                 go to state 84
    arg-list             go to state 85


State 63

   37 var: ID LSQU . expression RSQU

    LBRA  shift, and go to state 41
    ID    shift, and go to state 42
    NUM   shift, and go to state 43

    expression           go to state 86
    var                  go to state 51
    simple-expression    go to state 52
    additive-expression  go to state 53
    term                 go to state 54
    factor               go to state 55
    call                 go to state 56


State 64

   27 expression-stmt: expression COLON .

    $default  reduce using rule 27 (expression-stmt)


State 65

   34 expression: var ASIGN . expression

    LBRA  shift, and go to state 41
    ID    shift, and go to state 42
    NUM   shift, and go to state 43

    expression           go to state 87
    var                  go to state 51
    simple-expression    go to state 52
    additive-expression  go to state 53
    term                 go to state 54
    factor               go to state 55
    call                 go to state 56


State 66

   48 addop: PLUS .

    $default  reduce using rule 48 (addop)


State 67

   49 addop: MINUS .

    $default  reduce using rule 49 (addop)


State 68

   40 relop: LT .

    $default  reduce using rule 40 (relop)


State 69

   41 relop: LTEQU .

    $default  reduce using rule 41 (relop)


State 70

   42 relop: GT .

    $default  reduce using rule 42 (relop)


State 71

   43 relop: GTEQU .

    $default  reduce using rule 43 (relop)


State 72

   44 relop: EQU .

    $default  reduce using rule 44 (relop)


State 73

   45 relop: NOTEQU .

    $default  reduce using rule 45 (relop)


State 74

   38 simple-expression: additive-expression relop . additive-expression

    LBRA  shift, and go to state 41
    ID    shift, and go to state 42
    NUM   shift, and go to state 43

    var                  go to state 88
    additive-expression  go to state 89
    term                 go to state 54
    factor               go to state 55
    call                 go to state 56


State 75

   46 additive-expression: additive-expression addop . term

    LBRA  shift, and go to state 41
    ID    shift, and go to state 42
    NUM   shift, and go to state 43

    var     go to state 88
    term    go to state 90
    factor  go to state 55
    call    go to state 56


State 76

   52 mulop: MUL .

    $default  reduce using rule 52 (mulop)


State 77

   53 mulop: DIV .

    $default  reduce using rule 53 (mulop)


State 78

   50 term: term mulop . factor

    LBRA  shift, and go to state 41
    ID    shift, and go to state 42
    NUM   shift, and go to state 43

    var     go to state 88
    factor  go to state 91
    call    go to state 56


State 79

   29 selection-stmt: IF LBRA expression . RBRA statement
   30               | IF LBRA expression . RBRA statement ELSE statement

    RBRA  shift, and go to state 92


State 80

   33 return-stmt: RETURN expression COLON .

    $default  reduce using rule 33 (return-stmt)


State 81

   31 iteration-stmt: WHILE LBRA expression . RBRA statement

    RBRA  shift, and go to state 93


State 82

   54 factor: LBRA expression RBRA .

    $default  reduce using rule 54 (factor)


State 83

   62 arg-list: expression .

    $default  reduce using rule 62 (arg-list)


State 84

   58 call: ID LBRA args . RBRA

    RBRA  shift, and go to state 94


State 85

   59 args: arg-list .
   61 arg-list: arg-list . COMMA expression

    COMMA  shift, and go to state 95

    $default  reduce using rule 59 (args)


State 86

   37 var: ID LSQU expression . RSQU

    RSQU  shift, and go to state 96


State 87

   34 expression: var ASIGN expression .

    $default  reduce using rule 34 (expression)


State 88

   55 factor: var .

    $default  reduce using rule 55 (factor)


State 89

   38 simple-expression: additive-expression relop additive-expression .
   46 additive-expression: additive-expression . addop term

    PLUS   shift, and go to state 66
    MINUS  shift, and go to state 67

    $default  reduce using rule 38 (simple-expression)

    addop  go to state 75


State 90

   46 additive-expression: additive-expression addop term .
   50 term: term . mulop factor

    MUL  shift, and go to state 76
    DIV  shift, and go to state 77

    $default  reduce using rule 46 (additive-expression)

    mulop  go to state 78


State 91

   50 term: term mulop factor .

    $default  reduce using rule 50 (term)


State 92

   29 selection-stmt: IF LBRA expression RBRA . statement
   30               | IF LBRA expression RBRA . statement ELSE statement

    IF      shift, and go to state 36
    RETURN  shift, and go to state 37
    WHILE   shift, and go to state 38
    COLON   shift, and go to state 39
    LCURLY  shift, and go to state 26
    LBRA    shift, and go to state 41
    ID      shift, and go to state 42
    NUM     shift, and go to state 43

    compound-stmt        go to state 44
    statement            go to state 97
    expression-stmt      go to state 46
    selection-stmt       go to state 47
    iteration-stmt       go to state 48
    return-stmt          go to state 49
    expression           go to state 50
    var                  go to state 51
    simple-expression    go to state 52
    additive-expression  go to state 53
    term                 go to state 54
    factor               go to state 55
    call                 go to state 56


State 93

   31 iteration-stmt: WHILE LBRA expression RBRA . statement

    IF      shift, and go to state 36
    RETURN  shift, and go to state 37
    WHILE   shift, and go to state 38
    COLON   shift, and go to state 39
    LCURLY  shift, and go to state 26
    LBRA    shift, and go to state 41
    ID      shift, and go to state 42
    NUM     shift, and go to state 43

    compound-stmt        go to state 44
    statement            go to state 98
    expression-stmt      go to state 46
    selection-stmt       go to state 47
    iteration-stmt       go to state 48
    return-stmt          go to state 49
    expression           go to state 50
    var                  go to state 51
    simple-expression    go to state 52
    additive-expression  go to state 53
    term                 go to state 54
    factor               go to state 55
    call                 go to state 56


State 94

   58 call: ID LBRA args RBRA .

    $default  reduce using rule 58 (call)


State 95

   61 arg-list: arg-list COMMA . expression

    LBRA  shift, and go to state 41
    ID    shift, and go to state 42
    NUM   shift, and go to state 43

    expression           go to state 99
    var                  go to state 51
    simple-expression    go to state 52
    additive-expression  go to state 53
    term                 go to state 54
    factor               go to state 55
    call                 go to state 56


State 96

   37 var: ID LSQU expression RSQU .

    $default  reduce using rule 37 (var)


State 97

   29 selection-stmt: IF LBRA expression RBRA statement .
   30               | IF LBRA expression RBRA statement . ELSE statement

    ELSE  shift, and go to state 100

    ELSE      [reduce using rule 29 (selection-stmt)]
    $default  reduce using rule 29 (selection-stmt)


State 98

   31 iteration-stmt: WHILE LBRA expression RBRA statement .

    $default  reduce using rule 31 (iteration-stmt)


State 99

   61 arg-list: arg-list COMMA expression .

    $default  reduce using rule 61 (arg-list)


State 100

   30 selection-stmt: IF LBRA expression RBRA statement ELSE . statement

    IF      shift, and go to state 36
    RETURN  shift, and go to state 37
    WHILE   shift, and go to state 38
    COLON   shift, and go to state 39
    LCURLY  shift, and go to state 26
    LBRA    shift, and go to state 41
    ID      shift, and go to state 42
    NUM     shift, and go to state 43

    compound-stmt        go to state 44
    statement            go to state 101
    expression-stmt      go to state 46
    selection-stmt       go to state 47
    iteration-stmt       go to state 48
    return-stmt          go to state 49
    expression           go to state 50
    var                  go to state 51
    simple-expression    go to state 52
    additive-expression  go to state 53
    term                 go to state 54
    factor               go to state 55
    call                 go to state 56


State 101

   30 selection-stmt: IF LBRA expression RBRA statement ELSE statement .

    $default  reduce using rule 30 (selection-stmt)
